[2023/01/01 19:16:31] wzocr INFO: Architecture : 
[2023/01/01 19:16:31] wzocr INFO:     Backbone : 
[2023/01/01 19:16:31] wzocr INFO:         block : Bottleneck
[2023/01/01 19:16:31] wzocr INFO:         name : ResNet
[2023/01/01 19:16:31] wzocr INFO:         num_blocks : [3, 4, 6, 3]
[2023/01/01 19:16:31] wzocr INFO:     Head : 
[2023/01/01 19:16:31] wzocr INFO:         k : 50
[2023/01/01 19:16:31] wzocr INFO:         name : DBHead
[2023/01/01 19:16:31] wzocr INFO:     Neck : 
[2023/01/01 19:16:31] wzocr INFO:         name : DBFPN
[2023/01/01 19:16:31] wzocr INFO:         out_channels : 256
[2023/01/01 19:16:31] wzocr INFO:     Transform : None
[2023/01/01 19:16:31] wzocr INFO:     algorithm : DB
[2023/01/01 19:16:31] wzocr INFO:     model_type : det
[2023/01/01 19:16:31] wzocr INFO: Eval : 
[2023/01/01 19:16:31] wzocr INFO:     dataset : 
[2023/01/01 19:16:31] wzocr INFO:         data_dir : ./dataset/icdar2015/text_localization/
[2023/01/01 19:16:31] wzocr INFO:         label_file_list : ['./dataset/icdar2015/text_localization/test_icdar2015_label.txt']
[2023/01/01 19:16:31] wzocr INFO:         name : SimpleDataSet
[2023/01/01 19:16:31] wzocr INFO:         transforms : 
[2023/01/01 19:16:31] wzocr INFO:             DecodeImage : 
[2023/01/01 19:16:31] wzocr INFO:                 channel_first : False
[2023/01/01 19:16:31] wzocr INFO:                 img_mode : BGR
[2023/01/01 19:16:31] wzocr INFO:             DetLabelEncode : None
[2023/01/01 19:16:31] wzocr INFO:             DetResizeForTest : 
[2023/01/01 19:16:31] wzocr INFO:                 image_shape : [736, 1280]
[2023/01/01 19:16:31] wzocr INFO:             NormalizeImage : 
[2023/01/01 19:16:31] wzocr INFO:                 mean : [0.485, 0.456, 0.406]
[2023/01/01 19:16:31] wzocr INFO:                 order : hwc
[2023/01/01 19:16:31] wzocr INFO:                 scale : 1./255.
[2023/01/01 19:16:31] wzocr INFO:                 std : [0.229, 0.224, 0.225]
[2023/01/01 19:16:31] wzocr INFO:             ToCHWImage : None
[2023/01/01 19:16:31] wzocr INFO:             KeepKeys : 
[2023/01/01 19:16:31] wzocr INFO:                 keep_keys : ['image', 'shape', 'polys', 'ignore_tags']
[2023/01/01 19:16:31] wzocr INFO:     loader : 
[2023/01/01 19:16:31] wzocr INFO:         batch_size_per_card : 1
[2023/01/01 19:16:31] wzocr INFO:         drop_last : False
[2023/01/01 19:16:31] wzocr INFO:         num_workers : 8
[2023/01/01 19:16:31] wzocr INFO:         shuffle : False
[2023/01/01 19:16:31] wzocr INFO: Global : 
[2023/01/01 19:16:31] wzocr INFO:     cal_metric_during_train : False
[2023/01/01 19:16:31] wzocr INFO:     checkpoints : None
[2023/01/01 19:16:31] wzocr INFO:     epoch_num : 1200
[2023/01/01 19:16:31] wzocr INFO:     eval_batch_step : [0, 2000]
[2023/01/01 19:16:31] wzocr INFO:     gpu_id : 0
[2023/01/01 19:16:31] wzocr INFO:     infer_img : doc/imgs_en/img_10.jpg
[2023/01/01 19:16:31] wzocr INFO:     log_smooth_window : 20
[2023/01/01 19:16:31] wzocr INFO:     pretrained_model : ./pretrain_models/ResNet50_vd_ssld_pretrained
[2023/01/01 19:16:31] wzocr INFO:     print_batch_step : 10
[2023/01/01 19:16:31] wzocr INFO:     save_epoch_step : 1200
[2023/01/01 19:16:31] wzocr INFO:     save_inference_dir : None
[2023/01/01 19:16:31] wzocr INFO:     save_model_dir : ./output/det_r50_vd/
[2023/01/01 19:16:31] wzocr INFO:     save_res_path : ./output/det_db/predicts_db.txt
[2023/01/01 19:16:31] wzocr INFO:     seed : 1024
[2023/01/01 19:16:31] wzocr INFO:     use_gpu : True
[2023/01/01 19:16:31] wzocr INFO:     use_tensorboard : True
[2023/01/01 19:16:31] wzocr INFO: Loss : 
[2023/01/01 19:16:31] wzocr INFO:     alpha : 5
[2023/01/01 19:16:31] wzocr INFO:     balance_loss : True
[2023/01/01 19:16:31] wzocr INFO:     beta : 10
[2023/01/01 19:16:31] wzocr INFO:     main_loss_type : DiceLoss
[2023/01/01 19:16:31] wzocr INFO:     name : DBLoss
[2023/01/01 19:16:31] wzocr INFO:     ohem_ratio : 3
[2023/01/01 19:16:31] wzocr INFO: Metric : 
[2023/01/01 19:16:31] wzocr INFO:     main_indicator : hmean
[2023/01/01 19:16:31] wzocr INFO:     name : DetMetric
[2023/01/01 19:16:31] wzocr INFO: Optimizer : 
[2023/01/01 19:16:31] wzocr INFO:     beta1 : 0.9
[2023/01/01 19:16:31] wzocr INFO:     beta2 : 0.999
[2023/01/01 19:16:31] wzocr INFO:     lr : 
[2023/01/01 19:16:31] wzocr INFO:         learning_rate : 0.001
[2023/01/01 19:16:31] wzocr INFO:     name : Adam
[2023/01/01 19:16:31] wzocr INFO:     regularizer : 
[2023/01/01 19:16:31] wzocr INFO:         factor : 0
[2023/01/01 19:16:31] wzocr INFO:         name : L2
[2023/01/01 19:16:31] wzocr INFO: PostProcess : 
[2023/01/01 19:16:31] wzocr INFO:     box_thresh : 0.7
[2023/01/01 19:16:31] wzocr INFO:     max_candidates : 1000
[2023/01/01 19:16:31] wzocr INFO:     name : DBPostProcess
[2023/01/01 19:16:31] wzocr INFO:     thresh : 0.3
[2023/01/01 19:16:31] wzocr INFO:     unclip_ratio : 1.5
[2023/01/01 19:16:31] wzocr INFO: Train : 
[2023/01/01 19:16:31] wzocr INFO:     dataset : 
[2023/01/01 19:16:31] wzocr INFO:         data_dir : ./dataset/icdar2015/text_localization/
[2023/01/01 19:16:31] wzocr INFO:         label_file_list : ['./dataset/icdar2015/text_localization/train_icdar2015_label.txt']
[2023/01/01 19:16:31] wzocr INFO:         name : SimpleDataSet
[2023/01/01 19:16:31] wzocr INFO:         ratio_list : [1.0]
[2023/01/01 19:16:31] wzocr INFO:         transforms : 
[2023/01/01 19:16:31] wzocr INFO:             DecodeImage : 
[2023/01/01 19:16:31] wzocr INFO:                 channel_first : False
[2023/01/01 19:16:31] wzocr INFO:                 img_mode : BGR
[2023/01/01 19:16:31] wzocr INFO:             DetLabelEncode : None
[2023/01/01 19:16:31] wzocr INFO:             IaaAugment : 
[2023/01/01 19:16:31] wzocr INFO:                 augmenter_args : 
[2023/01/01 19:16:31] wzocr INFO:                     args : 
[2023/01/01 19:16:31] wzocr INFO:                         p : 0.5
[2023/01/01 19:16:31] wzocr INFO:                     type : Fliplr
[2023/01/01 19:16:31] wzocr INFO:                     args : 
[2023/01/01 19:16:31] wzocr INFO:                         rotate : [-10, 10]
[2023/01/01 19:16:31] wzocr INFO:                     type : Affine
[2023/01/01 19:16:31] wzocr INFO:                     args : 
[2023/01/01 19:16:31] wzocr INFO:                         size : [0.5, 3]
[2023/01/01 19:16:31] wzocr INFO:                     type : Resize
[2023/01/01 19:16:31] wzocr INFO:             EastRandomCropData : 
[2023/01/01 19:16:31] wzocr INFO:                 keep_ratio : True
[2023/01/01 19:16:31] wzocr INFO:                 max_tries : 50
[2023/01/01 19:16:31] wzocr INFO:                 size : [640, 640]
[2023/01/01 19:16:31] wzocr INFO:             MakeBorderMap : 
[2023/01/01 19:16:31] wzocr INFO:                 shrink_ratio : 0.4
[2023/01/01 19:16:31] wzocr INFO:                 thresh_max : 0.7
[2023/01/01 19:16:31] wzocr INFO:                 thresh_min : 0.3
[2023/01/01 19:16:31] wzocr INFO:             MakeShrinkMap : 
[2023/01/01 19:16:31] wzocr INFO:                 min_text_size : 8
[2023/01/01 19:16:31] wzocr INFO:                 shrink_ratio : 0.4
[2023/01/01 19:16:31] wzocr INFO:             NormalizeImage : 
[2023/01/01 19:16:31] wzocr INFO:                 mean : [0.485, 0.456, 0.406]
[2023/01/01 19:16:31] wzocr INFO:                 order : hwc
[2023/01/01 19:16:31] wzocr INFO:                 scale : 1./255.
[2023/01/01 19:16:31] wzocr INFO:                 std : [0.229, 0.224, 0.225]
[2023/01/01 19:16:31] wzocr INFO:             ToCHWImage : None
[2023/01/01 19:16:31] wzocr INFO:             KeepKeys : 
[2023/01/01 19:16:31] wzocr INFO:                 keep_keys : ['image', 'threshold_map', 'threshold_mask', 'shrink_map', 'shrink_mask']
[2023/01/01 19:16:31] wzocr INFO:     loader : 
[2023/01/01 19:16:31] wzocr INFO:         batch_size_per_card : 16
[2023/01/01 19:16:31] wzocr INFO:         drop_last : False
[2023/01/01 19:16:31] wzocr INFO:         num_workers : 4
[2023/01/01 19:16:31] wzocr INFO:         shuffle : True
[2023/01/01 19:16:31] wzocr INFO: train with pytorch 1.12.1 and device cuda:0
[2023/01/01 19:16:31] wzocr INFO: Initialize indexs of datasets:['./dataset/icdar2015/text_localization/train_icdar2015_label.txt']
[2023/01/01 19:16:31] wzocr INFO: Initialize indexs of datasets:['./dataset/icdar2015/text_localization/test_icdar2015_label.txt']
[2023/01/01 19:16:31] wzocr INFO: train dataloader has 63 iters
[2023/01/01 19:16:31] wzocr INFO: valid dataloader has 500 iters
[2023/01/01 22:49:22] wzocr INFO: Architecture : 
[2023/01/01 22:49:22] wzocr INFO:     Backbone : 
[2023/01/01 22:49:22] wzocr INFO:         block : Bottleneck
[2023/01/01 22:49:22] wzocr INFO:         name : ResNet
[2023/01/01 22:49:22] wzocr INFO:         num_blocks : [3, 4, 6, 3]
[2023/01/01 22:49:22] wzocr INFO:     Head : 
[2023/01/01 22:49:22] wzocr INFO:         k : 50
[2023/01/01 22:49:22] wzocr INFO:         name : DBHead
[2023/01/01 22:49:22] wzocr INFO:     Neck : 
[2023/01/01 22:49:22] wzocr INFO:         name : DBFPN
[2023/01/01 22:49:22] wzocr INFO:         out_channels : 256
[2023/01/01 22:49:22] wzocr INFO:     Transform : None
[2023/01/01 22:49:22] wzocr INFO:     algorithm : DB
[2023/01/01 22:49:22] wzocr INFO:     model_type : det
[2023/01/01 22:49:22] wzocr INFO: Eval : 
[2023/01/01 22:49:22] wzocr INFO:     dataset : 
[2023/01/01 22:49:22] wzocr INFO:         data_dir : ./dataset/icdar2015/text_localization/
[2023/01/01 22:49:22] wzocr INFO:         label_file_list : ['./dataset/icdar2015/text_localization/test_icdar2015_label.txt']
[2023/01/01 22:49:22] wzocr INFO:         name : SimpleDataSet
[2023/01/01 22:49:22] wzocr INFO:         transforms : 
[2023/01/01 22:49:22] wzocr INFO:             DecodeImage : 
[2023/01/01 22:49:22] wzocr INFO:                 channel_first : False
[2023/01/01 22:49:22] wzocr INFO:                 img_mode : BGR
[2023/01/01 22:49:22] wzocr INFO:             DetLabelEncode : None
[2023/01/01 22:49:22] wzocr INFO:             DetResizeForTest : 
[2023/01/01 22:49:22] wzocr INFO:                 image_shape : [736, 1280]
[2023/01/01 22:49:22] wzocr INFO:             NormalizeImage : 
[2023/01/01 22:49:22] wzocr INFO:                 mean : [0.485, 0.456, 0.406]
[2023/01/01 22:49:22] wzocr INFO:                 order : hwc
[2023/01/01 22:49:22] wzocr INFO:                 scale : 1./255.
[2023/01/01 22:49:22] wzocr INFO:                 std : [0.229, 0.224, 0.225]
[2023/01/01 22:49:22] wzocr INFO:             ToCHWImage : None
[2023/01/01 22:49:22] wzocr INFO:             KeepKeys : 
[2023/01/01 22:49:22] wzocr INFO:                 keep_keys : ['image', 'shape', 'polys', 'ignore_tags']
[2023/01/01 22:49:22] wzocr INFO:     loader : 
[2023/01/01 22:49:22] wzocr INFO:         batch_size_per_card : 1
[2023/01/01 22:49:22] wzocr INFO:         drop_last : False
[2023/01/01 22:49:22] wzocr INFO:         num_workers : 8
[2023/01/01 22:49:22] wzocr INFO:         shuffle : False
[2023/01/01 22:49:22] wzocr INFO: Global : 
[2023/01/01 22:49:22] wzocr INFO:     cal_metric_during_train : False
[2023/01/01 22:49:22] wzocr INFO:     checkpoints : None
[2023/01/01 22:49:22] wzocr INFO:     epoch_num : 1200
[2023/01/01 22:49:22] wzocr INFO:     eval_batch_step : [0, 2000]
[2023/01/01 22:49:22] wzocr INFO:     gpu_id : 0
[2023/01/01 22:49:22] wzocr INFO:     infer_img : doc/imgs_en/img_10.jpg
[2023/01/01 22:49:22] wzocr INFO:     log_smooth_window : 20
[2023/01/01 22:49:22] wzocr INFO:     pretrained_model : ./pretrain_models/ResNet50_vd_ssld_pretrained
[2023/01/01 22:49:22] wzocr INFO:     print_batch_step : 10
[2023/01/01 22:49:22] wzocr INFO:     save_epoch_step : 1200
[2023/01/01 22:49:22] wzocr INFO:     save_inference_dir : None
[2023/01/01 22:49:22] wzocr INFO:     save_model_dir : ./output/det_r50_vd/
[2023/01/01 22:49:22] wzocr INFO:     save_res_path : ./output/det_db/predicts_db.txt
[2023/01/01 22:49:22] wzocr INFO:     seed : 1024
[2023/01/01 22:49:22] wzocr INFO:     use_gpu : True
[2023/01/01 22:49:22] wzocr INFO:     use_tensorboard : True
[2023/01/01 22:49:22] wzocr INFO: Loss : 
[2023/01/01 22:49:22] wzocr INFO:     alpha : 5
[2023/01/01 22:49:22] wzocr INFO:     balance_loss : True
[2023/01/01 22:49:22] wzocr INFO:     beta : 10
[2023/01/01 22:49:22] wzocr INFO:     main_loss_type : DiceLoss
[2023/01/01 22:49:22] wzocr INFO:     name : DBLoss
[2023/01/01 22:49:22] wzocr INFO:     ohem_ratio : 3
[2023/01/01 22:49:22] wzocr INFO: Metric : 
[2023/01/01 22:49:22] wzocr INFO:     main_indicator : hmean
[2023/01/01 22:49:22] wzocr INFO:     name : DetMetric
[2023/01/01 22:49:22] wzocr INFO: Optimizer : 
[2023/01/01 22:49:22] wzocr INFO:     args : 
[2023/01/01 22:49:22] wzocr INFO:         amsgrad : True
[2023/01/01 22:49:22] wzocr INFO:         lr : 0.001
[2023/01/01 22:49:22] wzocr INFO:         weight_decay : 0
[2023/01/01 22:49:22] wzocr INFO:     lr_scheduler : 
[2023/01/01 22:49:22] wzocr INFO:         args : 
[2023/01/01 22:49:22] wzocr INFO:             warmup_epoch : 3
[2023/01/01 22:49:22] wzocr INFO:         type : WarmupPolyLR
[2023/01/01 22:49:22] wzocr INFO:     type : Adam
[2023/01/01 22:49:22] wzocr INFO: PostProcess : 
[2023/01/01 22:49:22] wzocr INFO:     box_thresh : 0.7
[2023/01/01 22:49:22] wzocr INFO:     max_candidates : 1000
[2023/01/01 22:49:22] wzocr INFO:     name : DBPostProcess
[2023/01/01 22:49:22] wzocr INFO:     thresh : 0.3
[2023/01/01 22:49:22] wzocr INFO:     unclip_ratio : 1.5
[2023/01/01 22:49:22] wzocr INFO: Train : 
[2023/01/01 22:49:22] wzocr INFO:     dataset : 
[2023/01/01 22:49:22] wzocr INFO:         data_dir : ./dataset/icdar2015/text_localization/
[2023/01/01 22:49:22] wzocr INFO:         label_file_list : ['./dataset/icdar2015/text_localization/train_icdar2015_label.txt']
[2023/01/01 22:49:22] wzocr INFO:         name : SimpleDataSet
[2023/01/01 22:49:22] wzocr INFO:         ratio_list : [1.0]
[2023/01/01 22:49:22] wzocr INFO:         transforms : 
[2023/01/01 22:49:22] wzocr INFO:             DecodeImage : 
[2023/01/01 22:49:22] wzocr INFO:                 channel_first : False
[2023/01/01 22:49:22] wzocr INFO:                 img_mode : BGR
[2023/01/01 22:49:22] wzocr INFO:             DetLabelEncode : None
[2023/01/01 22:49:22] wzocr INFO:             IaaAugment : 
[2023/01/01 22:49:22] wzocr INFO:                 augmenter_args : 
[2023/01/01 22:49:22] wzocr INFO:                     args : 
[2023/01/01 22:49:22] wzocr INFO:                         p : 0.5
[2023/01/01 22:49:22] wzocr INFO:                     type : Fliplr
[2023/01/01 22:49:22] wzocr INFO:                     args : 
[2023/01/01 22:49:22] wzocr INFO:                         rotate : [-10, 10]
[2023/01/01 22:49:22] wzocr INFO:                     type : Affine
[2023/01/01 22:49:22] wzocr INFO:                     args : 
[2023/01/01 22:49:22] wzocr INFO:                         size : [0.5, 3]
[2023/01/01 22:49:22] wzocr INFO:                     type : Resize
[2023/01/01 22:49:22] wzocr INFO:             EastRandomCropData : 
[2023/01/01 22:49:22] wzocr INFO:                 keep_ratio : True
[2023/01/01 22:49:22] wzocr INFO:                 max_tries : 50
[2023/01/01 22:49:22] wzocr INFO:                 size : [640, 640]
[2023/01/01 22:49:22] wzocr INFO:             MakeBorderMap : 
[2023/01/01 22:49:22] wzocr INFO:                 shrink_ratio : 0.4
[2023/01/01 22:49:22] wzocr INFO:                 thresh_max : 0.7
[2023/01/01 22:49:22] wzocr INFO:                 thresh_min : 0.3
[2023/01/01 22:49:22] wzocr INFO:             MakeShrinkMap : 
[2023/01/01 22:49:22] wzocr INFO:                 min_text_size : 8
[2023/01/01 22:49:22] wzocr INFO:                 shrink_ratio : 0.4
[2023/01/01 22:49:22] wzocr INFO:             NormalizeImage : 
[2023/01/01 22:49:22] wzocr INFO:                 mean : [0.485, 0.456, 0.406]
[2023/01/01 22:49:22] wzocr INFO:                 order : hwc
[2023/01/01 22:49:22] wzocr INFO:                 scale : 1./255.
[2023/01/01 22:49:22] wzocr INFO:                 std : [0.229, 0.224, 0.225]
[2023/01/01 22:49:22] wzocr INFO:             ToCHWImage : None
[2023/01/01 22:49:22] wzocr INFO:             KeepKeys : 
[2023/01/01 22:49:22] wzocr INFO:                 keep_keys : ['image', 'threshold_map', 'threshold_mask', 'shrink_map', 'shrink_mask']
[2023/01/01 22:49:22] wzocr INFO:     loader : 
[2023/01/01 22:49:22] wzocr INFO:         batch_size_per_card : 16
[2023/01/01 22:49:22] wzocr INFO:         drop_last : False
[2023/01/01 22:49:22] wzocr INFO:         num_workers : 4
[2023/01/01 22:49:22] wzocr INFO:         shuffle : True
[2023/01/01 22:49:22] wzocr INFO: train with pytorch 1.12.1 and device cuda:0
[2023/01/01 22:49:22] wzocr INFO: Initialize indexs of datasets:['./dataset/icdar2015/text_localization/train_icdar2015_label.txt']
[2023/01/01 22:49:22] wzocr INFO: Initialize indexs of datasets:['./dataset/icdar2015/text_localization/test_icdar2015_label.txt']
[2023/01/01 22:49:27] wzocr INFO: train dataloader has 63 iters
[2023/01/01 22:49:27] wzocr INFO: valid dataloader has 500 iters
[2023/01/01 22:50:19] wzocr INFO: During the training process, after the 0th iteration, an evaluation is run every 2000 iterations
